<?xml version="1.0" encoding="UTF-8"?>
<testng-results skipped="0" failed="0" ignored="0" total="4" passed="4">
  <reporter-output>
  </reporter-output>
  <suite name="Suite" duration-ms="54492" started-at="2023-06-04T20:04:28 IST" finished-at="2023-06-04T20:05:22 IST">
    <groups>
    </groups>
    <test name="Test" duration-ms="54492" started-at="2023-06-04T20:04:28 IST" finished-at="2023-06-04T20:05:22 IST">
      <class name="login.MakeMyTrip">
        <test-method status="PASS" signature="loggin()[pri:0, instance:login.MakeMyTrip@694abbdc]" name="loggin" duration-ms="12995" started-at="2023-06-04T20:05:09 IST" finished-at="2023-06-04T20:05:22 IST">
          <reporter-output>
          </reporter-output>
        </test-method> <!-- loggin -->
      </class> <!-- login.MakeMyTrip -->
      <class name="com.Facebook.test.FacebookLoginTest">
        <test-method status="PASS" signature="precondition()[pri:0, instance:com.Facebook.test.FacebookLoginTest@5f058f00]" name="precondition" is-config="true" duration-ms="7984" started-at="2023-06-04T20:04:28 IST" finished-at="2023-06-04T20:04:36 IST">
          <reporter-output>
          </reporter-output>
        </test-method> <!-- precondition -->
        <test-method status="PASS" signature="logg(java.lang.String,java.lang.String)[pri:0, instance:com.Facebook.test.FacebookLoginTest@5f058f00]" name="logg" duration-ms="5648" started-at="2023-06-04T20:04:36 IST" data-provider="login" finished-at="2023-06-04T20:04:41 IST">
          <params>
            <param index="0">
              <value>
                <![CDATA[admin1]]>
              </value>
            </param>
            <param index="1">
              <value>
                <![CDATA[manager1]]>
              </value>
            </param>
          </params>
          <reporter-output>
          </reporter-output>
        </test-method> <!-- logg -->
        <test-method status="PASS" signature="postcondition()[pri:0, instance:com.Facebook.test.FacebookLoginTest@5f058f00]" name="postcondition" is-config="true" duration-ms="740" started-at="2023-06-04T20:04:41 IST" finished-at="2023-06-04T20:04:42 IST">
          <reporter-output>
          </reporter-output>
        </test-method> <!-- postcondition -->
        <test-method status="PASS" signature="precondition()[pri:0, instance:com.Facebook.test.FacebookLoginTest@5f058f00]" name="precondition" is-config="true" duration-ms="4532" started-at="2023-06-04T20:04:42 IST" finished-at="2023-06-04T20:04:47 IST">
          <reporter-output>
          </reporter-output>
        </test-method> <!-- precondition -->
        <test-method status="PASS" signature="logg(java.lang.String,java.lang.String)[pri:0, instance:com.Facebook.test.FacebookLoginTest@5f058f00]" name="logg" duration-ms="4426" started-at="2023-06-04T20:04:47 IST" data-provider="login" finished-at="2023-06-04T20:04:51 IST">
          <params>
            <param index="0">
              <value>
                <![CDATA[admin2]]>
              </value>
            </param>
            <param index="1">
              <value>
                <![CDATA[manager2]]>
              </value>
            </param>
          </params>
          <reporter-output>
          </reporter-output>
        </test-method> <!-- logg -->
        <test-method status="PASS" signature="postcondition()[pri:0, instance:com.Facebook.test.FacebookLoginTest@5f058f00]" name="postcondition" is-config="true" duration-ms="575" started-at="2023-06-04T20:04:51 IST" finished-at="2023-06-04T20:04:52 IST">
          <reporter-output>
          </reporter-output>
        </test-method> <!-- postcondition -->
        <test-method status="PASS" signature="precondition()[pri:0, instance:com.Facebook.test.FacebookLoginTest@5f058f00]" name="precondition" is-config="true" duration-ms="4375" started-at="2023-06-04T20:04:52 IST" finished-at="2023-06-04T20:04:56 IST">
          <reporter-output>
          </reporter-output>
        </test-method> <!-- precondition -->
        <test-method status="PASS" signature="logg(java.lang.String,java.lang.String)[pri:0, instance:com.Facebook.test.FacebookLoginTest@5f058f00]" name="logg" duration-ms="12721" started-at="2023-06-04T20:04:56 IST" data-provider="login" finished-at="2023-06-04T20:05:09 IST">
          <params>
            <param index="0">
              <value>
                <![CDATA[admin3]]>
              </value>
            </param>
            <param index="1">
              <value>
                <![CDATA[manager3]]>
              </value>
            </param>
          </params>
          <reporter-output>
          </reporter-output>
        </test-method> <!-- logg -->
        <test-method status="FAIL" signature="postcondition()[pri:0, instance:com.Facebook.test.FacebookLoginTest@5f058f00]" name="postcondition" is-config="true" duration-ms="69" started-at="2023-06-04T20:05:09 IST" finished-at="2023-06-04T20:05:09 IST">
          <exception class="org.openqa.selenium.WebDriverException">
            <message>
              <![CDATA[Failed to decode response from marionette
Build info: version: '4.9.1', revision: 'eb2032df7f'
System info: os.name: 'Mac OS X', os.arch: 'x86_64', os.version: '13.4', java.version: '1.8.0_371'
Driver info: org.openqa.selenium.firefox.FirefoxDriver
Command: [e43b7626-409d-46e7-95b7-fba75eb5ad30, close {}]
Capabilities {acceptInsecureCerts: true, browserName: firefox, browserVersion: 113.0.2, moz:accessibilityChecks: false, moz:buildID: 20230522134052, moz:debuggerAddress: 127.0.0.1:30342, moz:geckodriverVersion: 0.33.0, moz:headless: false, moz:platformVersion: 22.5.0, moz:processID: 4266, moz:profile: /var/folders/w_/4hpdf6xn5ss..., moz:shutdownTimeout: 60000, moz:useNonSpecCompliantPointerOrigin: false, moz:webdriverClick: true, moz:windowless: false, pageLoadStrategy: normal, platformName: mac, proxy: Proxy(), se:cdp: ws://127.0.0.1:30342/devtoo..., se:cdpVersion: 85.0, setWindowRect: true, strictFileInteractability: false, timeouts: {implicit: 0, pageLoad: 300000, script: 30000}, unhandledPromptBehavior: dismiss and notify}
Session ID: e43b7626-409d-46e7-95b7-fba75eb5ad30]]>
            </message>
            <full-stacktrace>
              <![CDATA[org.openqa.selenium.WebDriverException: Failed to decode response from marionette
Build info: version: '4.9.1', revision: 'eb2032df7f'
System info: os.name: 'Mac OS X', os.arch: 'x86_64', os.version: '13.4', java.version: '1.8.0_371'
Driver info: org.openqa.selenium.firefox.FirefoxDriver
Command: [e43b7626-409d-46e7-95b7-fba75eb5ad30, close {}]
Capabilities {acceptInsecureCerts: true, browserName: firefox, browserVersion: 113.0.2, moz:accessibilityChecks: false, moz:buildID: 20230522134052, moz:debuggerAddress: 127.0.0.1:30342, moz:geckodriverVersion: 0.33.0, moz:headless: false, moz:platformVersion: 22.5.0, moz:processID: 4266, moz:profile: /var/folders/w_/4hpdf6xn5ss..., moz:shutdownTimeout: 60000, moz:useNonSpecCompliantPointerOrigin: false, moz:webdriverClick: true, moz:windowless: false, pageLoadStrategy: normal, platformName: mac, proxy: Proxy(), se:cdp: ws://127.0.0.1:30342/devtoo..., se:cdpVersion: 85.0, setWindowRect: true, strictFileInteractability: false, timeouts: {implicit: 0, pageLoad: 300000, script: 30000}, unhandledPromptBehavior: dismiss and notify}
Session ID: e43b7626-409d-46e7-95b7-fba75eb5ad30
at sun.reflect.NativeConstructorAccessorImpl.newInstance0(Native Method)
at sun.reflect.NativeConstructorAccessorImpl.newInstance(NativeConstructorAccessorImpl.java:62)
at sun.reflect.DelegatingConstructorAccessorImpl.newInstance(DelegatingConstructorAccessorImpl.java:45)
at java.lang.reflect.Constructor.newInstance(Constructor.java:423)
at org.openqa.selenium.remote.codec.w3c.W3CHttpResponseCodec.createException(W3CHttpResponseCodec.java:200)
at org.openqa.selenium.remote.codec.w3c.W3CHttpResponseCodec.decode(W3CHttpResponseCodec.java:133)
at org.openqa.selenium.remote.codec.w3c.W3CHttpResponseCodec.decode(W3CHttpResponseCodec.java:53)
at org.openqa.selenium.remote.HttpCommandExecutor.execute(HttpCommandExecutor.java:193)
at org.openqa.selenium.remote.service.DriverCommandExecutor.invokeExecute(DriverCommandExecutor.java:183)
at org.openqa.selenium.remote.service.DriverCommandExecutor.execute(DriverCommandExecutor.java:158)
at org.openqa.selenium.remote.RemoteWebDriver.execute(RemoteWebDriver.java:543)
at org.openqa.selenium.remote.RemoteWebDriver.execute(RemoteWebDriver.java:598)
at org.openqa.selenium.remote.RemoteWebDriver.execute(RemoteWebDriver.java:602)
at org.openqa.selenium.remote.RemoteWebDriver.close(RemoteWebDriver.java:419)
at com.Facebook.test.FacebookLoginTest.postcondition(FacebookLoginTest.java:30)
at sun.reflect.NativeMethodAccessorImpl.invoke0(Native Method)
at sun.reflect.NativeMethodAccessorImpl.invoke(NativeMethodAccessorImpl.java:62)
at sun.reflect.DelegatingMethodAccessorImpl.invoke(DelegatingMethodAccessorImpl.java:43)
at java.lang.reflect.Method.invoke(Method.java:498)
at org.testng.internal.MethodInvocationHelper.invokeMethod(MethodInvocationHelper.java:133)
at org.testng.internal.MethodInvocationHelper.invokeMethodConsideringTimeout(MethodInvocationHelper.java:62)
at org.testng.internal.ConfigInvoker.invokeConfigurationMethod(ConfigInvoker.java:385)
at org.testng.internal.ConfigInvoker.invokeConfigurations(ConfigInvoker.java:321)
at org.testng.internal.TestInvoker.runConfigMethods(TestInvoker.java:700)
at org.testng.internal.TestInvoker.runAfterGroupsConfigurations(TestInvoker.java:676)
at org.testng.internal.TestInvoker.invokeMethod(TestInvoker.java:660)
at org.testng.internal.TestInvoker.invokeTestMethod(TestInvoker.java:173)
at org.testng.internal.MethodRunner.runInSequence(MethodRunner.java:46)
at org.testng.internal.TestInvoker$MethodInvocationAgent.invoke(TestInvoker.java:824)
at org.testng.internal.TestInvoker.invokeTestMethods(TestInvoker.java:146)
at org.testng.internal.TestMethodWorker.invokeTestMethods(TestMethodWorker.java:146)
at org.testng.internal.TestMethodWorker.run(TestMethodWorker.java:128)
at java.util.ArrayList.forEach(ArrayList.java:1259)
at org.testng.TestRunner.privateRun(TestRunner.java:794)
at org.testng.TestRunner.run(TestRunner.java:596)
at org.testng.SuiteRunner.runTest(SuiteRunner.java:377)
at org.testng.SuiteRunner.runSequentially(SuiteRunner.java:371)
at org.testng.SuiteRunner.privateRun(SuiteRunner.java:332)
at org.testng.SuiteRunner.run(SuiteRunner.java:276)
at org.testng.SuiteRunnerWorker.runSuite(SuiteRunnerWorker.java:53)
at org.testng.SuiteRunnerWorker.run(SuiteRunnerWorker.java:96)
at org.testng.TestNG.runSuitesSequentially(TestNG.java:1212)
at org.testng.TestNG.runSuitesLocally(TestNG.java:1134)
at org.testng.TestNG.runSuites(TestNG.java:1063)
at org.testng.TestNG.run(TestNG.java:1031)
at org.testng.remote.AbstractRemoteTestNG.run(AbstractRemoteTestNG.java:115)
at org.testng.remote.RemoteTestNG.initAndRun(RemoteTestNG.java:251)
at org.testng.remote.RemoteTestNG.main(RemoteTestNG.java:77)
]]>
            </full-stacktrace>
          </exception> <!-- org.openqa.selenium.WebDriverException -->
          <reporter-output>
          </reporter-output>
        </test-method> <!-- postcondition -->
      </class> <!-- com.Facebook.test.FacebookLoginTest -->
    </test> <!-- Test -->
  </suite> <!-- Suite -->
</testng-results>
